<?xml version="1.0" encoding="UTF-8"?>
<!-- Generated by org.testng.reporters.JUnitXMLReporter -->
<testsuite hostname="Hal" name="ChromeTest" tests="3" failures="0" timestamp="1 Aug 2017 22:03:01 GMT" time="11.885" errors="0">
  <testcase name="VerifyTitle" time="0.013" classname="RunScriptUsingJenkins.EndToEndTest"/>
  <testcase name="LoginTest" time="2.872" classname="RunScriptUsingJenkins.EndToEndTest"/>
  <testcase name="LogoutTest" time="2.482" classname="RunScriptUsingJenkins.EndToEndTest"/>
</testsuite> <!-- ChromeTest -->
