<?xml version="1.0" encoding="UTF-8"?>
<!-- Generated by org.testng.reporters.JUnitXMLReporter -->
<testsuite hostname="Hal" name="FirefoxTest" tests="3" failures="0" timestamp="1 Aug 2017 22:02:49 GMT" time="14.004" errors="0">
  <testcase name="VerifyTitle" time="0.037" classname="RunScriptUsingJenkins.EndToEndTest"/>
  <testcase name="LoginTest" time="3.711" classname="RunScriptUsingJenkins.EndToEndTest"/>
  <testcase name="LogoutTest" time="2.764" classname="RunScriptUsingJenkins.EndToEndTest"/>
</testsuite> <!-- FirefoxTest -->
