<?xml version="1.0" encoding="UTF-8"?>
<testng-results skipped="0" failed="0" total="1" passed="1">
  <reporter-output>
  </reporter-output>
  <suite name="Default suite" duration-ms="24076" started-at="2017-09-26T21:14:12Z" finished-at="2017-09-26T21:14:36Z">
    <groups>
    </groups>
    <test name="Default test" duration-ms="24076" started-at="2017-09-26T21:14:12Z" finished-at="2017-09-26T21:14:36Z">
      <class name="RunScriptUsingJenkins.ArrayListOfCheckBoxWebElement">
        <test-method status="PASS" signature="openBrs()[pri:0, instance:RunScriptUsingJenkins.ArrayListOfCheckBoxWebElement@7c16905e]" name="openBrs" is-config="true" duration-ms="11071" started-at="2017-09-26T16:14:12Z" finished-at="2017-09-26T16:14:23Z">
          <reporter-output>
          </reporter-output>
        </test-method> <!-- openBrs -->
        <test-method status="PASS" signature="runProcedure()[pri:0, instance:RunScriptUsingJenkins.ArrayListOfCheckBoxWebElement@7c16905e]" name="runProcedure" duration-ms="12995" started-at="2017-09-26T16:14:23Z" finished-at="2017-09-26T16:14:36Z">
          <reporter-output>
          </reporter-output>
        </test-method> <!-- runProcedure -->
      </class> <!-- RunScriptUsingJenkins.ArrayListOfCheckBoxWebElement -->
    </test> <!-- Default test -->
  </suite> <!-- Default suite -->
</testng-results>
